---------------------------------------------------------------
[2019-06-20T10:18:49+08:00] ::1 GET localhost/shopping/public/
[运行时间：0.801591s] [吞吐率：1.25req/s] [内存消耗：2,013.75kb] [文件加载：64]
[ info ] [ LANG ] D:\phpStudy\PHPTutorial\WWW\shopping\thinkphp\lang\zh-cn.php
[ info ] [ ROUTE ] array (
)
[ info ] [ HEADER ] array (
  'cookie' => 'PHPSESSID=1l6ol3f152ul5j413gcrnemnnl',
  'accept-language' => 'zh-CN,zh;q=0.9',
  'accept-encoding' => 'gzip, deflate, br',
  'referer' => 'http://localhost/shopping/',
  'accept' => 'text/html,application/xhtml+xml,application/xml;q=0.9,image/webp,image/apng,*/*;q=0.8,application/signed-exchange;v=b3',
  'user-agent' => 'Mozilla/5.0 (Windows NT 10.0; Win64; x64) AppleWebKit/537.36 (KHTML, like Gecko) Chrome/74.0.3729.108 Safari/537.36',
  'upgrade-insecure-requests' => '1',
  'connection' => 'close',
  'host' => 'localhost',
)
[ info ] [ PARAM ] array (
)
[ info ] [ DB ] INIT mysql
[ sql ] [ DB ] CONNECT:[ UseTime:0.079734s ] mysql:host=127.0.0.1;dbname=play;charset=utf8
[ sql ] [ SQL ] SHOW COLUMNS FROM `user` [ RunTime:0.114064s ]
[ sql ] [ SQL ] SELECT * FROM `user` [ RunTime:0.000437s ]
---------------------------------------------------------------
[2019-06-20T10:18:50+08:00] ::1 GET localhost/shopping/public/
[运行时间：0.055573s] [吞吐率：17.99req/s] [内存消耗：2,013.76kb] [文件加载：64]
[ info ] [ LANG ] D:\phpStudy\PHPTutorial\WWW\shopping\thinkphp\lang\zh-cn.php
[ info ] [ ROUTE ] array (
)
[ info ] [ HEADER ] array (
  'cookie' => 'PHPSESSID=1l6ol3f152ul5j413gcrnemnnl',
  'accept-language' => 'zh-CN,zh;q=0.9',
  'accept-encoding' => 'gzip, deflate, br',
  'referer' => 'http://localhost/shopping/',
  'accept' => 'text/html,application/xhtml+xml,application/xml;q=0.9,image/webp,image/apng,*/*;q=0.8,application/signed-exchange;v=b3',
  'user-agent' => 'Mozilla/5.0 (Windows NT 10.0; Win64; x64) AppleWebKit/537.36 (KHTML, like Gecko) Chrome/74.0.3729.108 Safari/537.36',
  'upgrade-insecure-requests' => '1',
  'connection' => 'close',
  'host' => 'localhost',
)
[ info ] [ PARAM ] array (
)
[ info ] [ DB ] INIT mysql
[ sql ] [ DB ] CONNECT:[ UseTime:0.010961s ] mysql:host=127.0.0.1;dbname=play;charset=utf8
[ sql ] [ SQL ] SHOW COLUMNS FROM `user` [ RunTime:0.010617s ]
[ sql ] [ SQL ] SELECT * FROM `user` [ RunTime:0.000353s ]
---------------------------------------------------------------
[2019-06-20T19:06:42+08:00] ::1 GET localhost/shopping/public/
[运行时间：0.695931s] [吞吐率：1.44req/s] [内存消耗：2,013.92kb] [文件加载：64]
[ info ] [ LANG ] D:\phpStudy\PHPTutorial\WWW\shopping\thinkphp\lang\zh-cn.php
[ info ] [ ROUTE ] array (
)
[ info ] [ HEADER ] array (
  'cookie' => 'thinkphp_show_page_trace=0|0; PHPSESSID=1l6ol3f152ul5j413gcrnemnnl',
  'accept-language' => 'zh-CN,zh;q=0.9',
  'accept-encoding' => 'gzip, deflate, br',
  'referer' => 'http://localhost/shopping/',
  'accept' => 'text/html,application/xhtml+xml,application/xml;q=0.9,image/webp,image/apng,*/*;q=0.8,application/signed-exchange;v=b3',
  'user-agent' => 'Mozilla/5.0 (Windows NT 10.0; Win64; x64) AppleWebKit/537.36 (KHTML, like Gecko) Chrome/74.0.3729.108 Safari/537.36',
  'upgrade-insecure-requests' => '1',
  'connection' => 'close',
  'host' => 'localhost',
)
[ info ] [ PARAM ] array (
)
[ info ] [ DB ] INIT mysql
[ sql ] [ DB ] CONNECT:[ UseTime:0.168340s ] mysql:host=127.0.0.1;dbname=play;charset=utf8
[ sql ] [ SQL ] SHOW COLUMNS FROM `user` [ RunTime:0.028997s ]
[ sql ] [ SQL ] SELECT * FROM `user` [ RunTime:0.000980s ]
---------------------------------------------------------------
[2019-06-20T19:16:34+08:00] ::1 GET localhost/shopping/public/
[运行时间：0.115410s] [吞吐率：8.66req/s] [内存消耗：2,013.92kb] [文件加载：64]
[ info ] [ LANG ] D:\phpStudy\PHPTutorial\WWW\shopping\thinkphp\lang\zh-cn.php
[ info ] [ ROUTE ] array (
)
[ info ] [ HEADER ] array (
  'cookie' => 'thinkphp_show_page_trace=0|0; PHPSESSID=1l6ol3f152ul5j413gcrnemnnl',
  'accept-language' => 'zh-CN,zh;q=0.9',
  'accept-encoding' => 'gzip, deflate, br',
  'referer' => 'http://localhost/shopping/',
  'accept' => 'text/html,application/xhtml+xml,application/xml;q=0.9,image/webp,image/apng,*/*;q=0.8,application/signed-exchange;v=b3',
  'user-agent' => 'Mozilla/5.0 (Windows NT 10.0; Win64; x64) AppleWebKit/537.36 (KHTML, like Gecko) Chrome/74.0.3729.108 Safari/537.36',
  'upgrade-insecure-requests' => '1',
  'connection' => 'close',
  'host' => 'localhost',
)
[ info ] [ PARAM ] array (
)
[ info ] [ DB ] INIT mysql
[ sql ] [ DB ] CONNECT:[ UseTime:0.007357s ] mysql:host=127.0.0.1;dbname=play;charset=utf8
[ sql ] [ SQL ] SHOW COLUMNS FROM `user` [ RunTime:0.071234s ]
[ sql ] [ SQL ] SELECT * FROM `user` [ RunTime:0.000463s ]
